[2026-02-11 15:33:04] PHASE: Importing 2805 Properties with Images
[2026-02-11 15:33:04] INFO: Parsing CSV: ./All+Properties.csv
[2026-02-11 15:33:05] INFO: ✓ Parsed 2805 rows
[2026-02-11 15:33:05] INFO: Transforming and validating...
[2026-02-11 15:33:05] WARN: Skipping invalid property: Zip code is required
[2026-02-11 15:33:05] WARN: Skipping invalid property: Zip code is required
[2026-02-11 15:33:05] WARN: Skipping invalid property: Zip code is required
[2026-02-11 15:33:05] WARN: Skipping invalid property: Zip code is required
[2026-02-11 15:33:05] WARN: Skipping invalid property: Zip code is required
[2026-02-11 15:33:05] WARN: Skipping invalid property: Zip code is required
[2026-02-11 15:33:05] WARN: Skipping invalid property: Zip code is required
[2026-02-11 15:33:05] WARN: Skipping invalid property: Zip code is required
[2026-02-11 15:33:05] WARN: Skipping invalid property: Zip code is required
[2026-02-11 15:33:05] WARN: Skipping invalid property: Zip code is required
[2026-02-11 15:33:05] WARN: Skipping invalid property: Zip code is required
[2026-02-11 15:33:05] WARN: Skipping invalid property: Zip code is required
[2026-02-11 15:33:05] WARN: Skipping invalid property: Zip code is required
[2026-02-11 15:33:05] WARN: Skipping invalid property: Zip code is required
[2026-02-11 15:33:05] WARN: Skipping invalid property: Zip code is required
[2026-02-11 15:33:05] WARN: Skipping invalid property: Zip code is required
[2026-02-11 15:33:05] WARN: Skipping invalid property: Zip code is required
[2026-02-11 15:33:05] WARN: Skipping invalid property: Zip code is required
[2026-02-11 15:33:05] WARN: Skipping invalid property: Zip code is required
[2026-02-11 15:33:05] WARN: Skipping invalid property: Zip code is required
[2026-02-11 15:33:05] WARN: Skipping invalid property: Zip code is required
[2026-02-11 15:33:05] WARN: Skipping invalid property: Zip code is required
[2026-02-11 15:33:05] WARN: Skipping invalid property: Zip code is required
[2026-02-11 15:33:05] WARN: Skipping invalid property: Zip code is required
[2026-02-11 15:33:05] WARN: Skipping invalid property: Zip code is required
[2026-02-11 15:33:05] WARN: Skipping invalid property: Zip code is required
[2026-02-11 15:33:05] WARN: Skipping invalid property: Zip code is required
[2026-02-11 15:33:05] WARN: Skipping invalid property: Zip code is required
[2026-02-11 15:33:05] WARN: Skipping invalid property: Zip code is required
[2026-02-11 15:33:05] WARN: Skipping invalid property: Zip code is required
[2026-02-11 15:33:05] WARN: Skipping invalid property: Zip code is required
[2026-02-11 15:33:05] WARN: Skipping invalid property: Zip code is required
[2026-02-11 15:33:05] WARN: Skipping invalid property: Zip code is required
[2026-02-11 15:33:05] WARN: Skipping invalid property: Zip code is required
[2026-02-11 15:33:05] WARN: Skipping invalid property: Zip code is required
[2026-02-11 15:33:05] WARN: Skipping invalid property: Zip code is required
[2026-02-11 15:33:05] WARN: Skipping invalid property: Zip code is required
[2026-02-11 15:33:05] WARN: Skipping invalid property: Zip code is required
[2026-02-11 15:33:05] WARN: Skipping invalid property: Zip code is required
[2026-02-11 15:33:05] WARN: Skipping invalid property: Zip code is required
[2026-02-11 15:33:05] WARN: Skipping invalid property: Zip code is required
[2026-02-11 15:33:05] WARN: Skipping invalid property: Zip code is required
[2026-02-11 15:33:05] WARN: Skipping invalid property: Zip code is required
[2026-02-11 15:33:05] WARN: Skipping invalid property: Zip code is required
[2026-02-11 15:33:05] WARN: Skipping invalid property: Zip code is required
[2026-02-11 15:33:05] WARN: Skipping invalid property: Zip code is required
[2026-02-11 15:33:05] WARN: Skipping invalid property: Street address is required
[2026-02-11 15:33:05] WARN: Skipping invalid property: Zip code is required
[2026-02-11 15:33:05] WARN: Skipping invalid property: Zip code is required
[2026-02-11 15:33:05] WARN: Skipping invalid property: Zip code is required
[2026-02-11 15:33:05] WARN: Skipping invalid property: Zip code is required
[2026-02-11 15:33:05] WARN: Skipping invalid property: Zip code is required
[2026-02-11 15:33:05] WARN: Skipping invalid property: Zip code is required
[2026-02-11 15:33:05] WARN: Skipping invalid property: Zip code is required
[2026-02-11 15:33:05] WARN: Skipping invalid property: Zip code is required
[2026-02-11 15:33:05] WARN: Skipping invalid property: Zip code is required
[2026-02-11 15:33:05] WARN: Skipping invalid property: Zip code is required
[2026-02-11 15:33:05] WARN: Skipping invalid property: Zip code is required
[2026-02-11 15:33:05] WARN: Skipping invalid property: Zip code is required
[2026-02-11 15:33:05] WARN: Skipping invalid property: Zip code is required
[2026-02-11 15:33:05] WARN: Skipping invalid property: Zip code is required
[2026-02-11 15:33:05] WARN: Skipping invalid property: Zip code is required
[2026-02-11 15:33:05] WARN: Skipping invalid property: Zip code is required
[2026-02-11 15:33:05] WARN: Skipping invalid property: Zip code is required
[2026-02-11 15:33:05] WARN: Skipping invalid property: Zip code is required
[2026-02-11 15:33:05] WARN: Skipping invalid property: Zip code is required
[2026-02-11 15:33:05] WARN: Skipping invalid property: Zip code is required
[2026-02-11 15:33:05] WARN: Skipping invalid property: Zip code is required
[2026-02-11 15:33:05] WARN: Skipping invalid property: Zip code is required
[2026-02-11 15:33:05] WARN: Skipping invalid property: State is required
[2026-02-11 15:33:05] WARN: Skipping invalid property: Zip code is required
[2026-02-11 15:33:05] WARN: Skipping invalid property: Zip code is required
[2026-02-11 15:33:05] WARN: Skipping invalid property: Zip code is required
[2026-02-11 15:33:05] WARN: Skipping invalid property: Zip code is required
[2026-02-11 15:33:05] WARN: Skipping invalid property: Zip code is required
[2026-02-11 15:33:05] WARN: Skipping invalid property: Zip code is required
[2026-02-11 15:33:05] WARN: Skipping invalid property: Zip code is required
[2026-02-11 15:33:05] WARN: Skipping invalid property: Zip code is required
[2026-02-11 15:33:05] WARN: Skipping invalid property: Zip code is required
[2026-02-11 15:33:05] WARN: Skipping invalid property: Zip code is required
[2026-02-11 15:33:05] WARN: Skipping invalid property: Zip code is required
[2026-02-11 15:33:05] WARN: Skipping invalid property: City is required, State is required, Zip code is required
[2026-02-11 15:33:05] WARN: Skipping invalid property: Zip code is required
[2026-02-11 15:33:05] WARN: Skipping invalid property: Zip code is required
[2026-02-11 15:33:05] WARN: Skipping invalid property: Zip code is required
[2026-02-11 15:33:05] WARN: Skipping invalid property: Zip code is required
[2026-02-11 15:33:05] WARN: Skipping invalid property: Zip code is required
[2026-02-11 15:33:05] WARN: Skipping invalid property: Zip code is required
[2026-02-11 15:33:05] WARN: Skipping invalid property: Zip code is required
[2026-02-11 15:33:05] WARN: Skipping invalid property: Zip code is required
[2026-02-11 15:33:05] WARN: Skipping invalid property: Zip code is required
[2026-02-11 15:33:05] WARN: Skipping invalid property: Street address is required, City is required, State is required, Zip code is required
[2026-02-11 15:33:05] WARN: Skipping invalid property: Zip code is required
[2026-02-11 15:33:05] WARN: Skipping invalid property: Zip code is required
[2026-02-11 15:33:05] WARN: Skipping invalid property: Zip code is required
[2026-02-11 15:33:05] WARN: Skipping invalid property: Zip code is required
[2026-02-11 15:33:05] WARN: Skipping invalid property: Invalid email address
[2026-02-11 15:33:05] WARN: Skipping invalid property: Zip code is required
[2026-02-11 15:33:05] WARN: Skipping invalid property: Zip code is required
[2026-02-11 15:33:05] WARN: Skipping invalid property: Zip code is required
[2026-02-11 15:33:05] WARN: Skipping invalid property: Zip code is required
[2026-02-11 15:33:05] WARN: Skipping invalid property: Zip code is required
[2026-02-11 15:33:05] WARN: Skipping invalid property: Zip code is required
[2026-02-11 15:33:05] WARN: Skipping invalid property: Zip code is required
[2026-02-11 15:33:05] WARN: Skipping invalid property: Zip code is required
[2026-02-11 15:33:05] WARN: Skipping invalid property: Zip code is required
[2026-02-11 15:33:05] WARN: Skipping invalid property: Zip code is required
[2026-02-11 15:33:05] WARN: Skipping invalid property: Zip code is required
[2026-02-11 15:33:05] WARN: Skipping invalid property: Zip code is required
[2026-02-11 15:33:05] WARN: Skipping invalid property: Zip code is required
[2026-02-11 15:33:05] WARN: Skipping invalid property: Zip code is required
[2026-02-11 15:33:05] WARN: Skipping invalid property: Zip code is required
[2026-02-11 15:33:05] WARN: Skipping invalid property: Zip code is required
[2026-02-11 15:33:05] WARN: Skipping invalid property: Zip code is required
[2026-02-11 15:33:05] WARN: Skipping invalid property: Zip code is required
[2026-02-11 15:33:05] WARN: Skipping invalid property: Zip code is required
[2026-02-11 15:33:05] WARN: Skipping invalid property: Zip code is required
[2026-02-11 15:33:05] WARN: Skipping invalid property: Zip code is required
[2026-02-11 15:33:05] WARN: Skipping invalid property: Zip code is required
[2026-02-11 15:33:05] WARN: Skipping invalid property: Zip code is required
[2026-02-11 15:33:05] WARN: Skipping invalid property: Zip code is required
[2026-02-11 15:33:05] WARN: Skipping invalid property: Zip code is required
[2026-02-11 15:33:05] WARN: Skipping invalid property: Zip code is required
[2026-02-11 15:33:05] WARN: Skipping invalid property: Zip code is required
[2026-02-11 15:33:05] WARN: Skipping invalid property: City is required, State is required, Zip code is required
[2026-02-11 15:33:05] WARN: Skipping invalid property: Zip code is required
[2026-02-11 15:33:05] WARN: Skipping invalid property: Zip code is required
[2026-02-11 15:33:05] WARN: Skipping invalid property: Zip code is required
[2026-02-11 15:33:05] WARN: Skipping invalid property: Zip code is required
[2026-02-11 15:33:05] WARN: Skipping invalid property: Zip code is required
[2026-02-11 15:33:05] WARN: Skipping invalid property: Zip code is required
[2026-02-11 15:33:05] WARN: Skipping invalid property: Zip code is required
[2026-02-11 15:33:05] WARN: Skipping invalid property: Zip code is required
[2026-02-11 15:33:05] WARN: Skipping invalid property: Zip code is required
[2026-02-11 15:33:05] WARN: Skipping invalid property: Zip code is required
[2026-02-11 15:33:05] WARN: Skipping invalid property: Zip code is required
[2026-02-11 15:33:05] WARN: Skipping invalid property: Zip code is required
[2026-02-11 15:33:05] WARN: Skipping invalid property: Zip code is required
[2026-02-11 15:33:05] WARN: Skipping invalid property: Zip code is required
[2026-02-11 15:33:05] WARN: Skipping invalid property: Zip code is required
[2026-02-11 15:33:05] WARN: Skipping invalid property: Zip code is required
[2026-02-11 15:33:05] WARN: Skipping invalid property: Zip code is required
[2026-02-11 15:33:05] WARN: Skipping invalid property: Zip code is required
[2026-02-11 15:33:05] WARN: Skipping invalid property: Zip code is required
[2026-02-11 15:33:05] WARN: Skipping invalid property: Zip code is required
[2026-02-11 15:33:05] WARN: Skipping invalid property: Zip code is required
[2026-02-11 15:33:05] WARN: Skipping invalid property: Zip code is required
[2026-02-11 15:33:05] WARN: Skipping invalid property: Zip code is required
[2026-02-11 15:33:05] WARN: Skipping invalid property: Zip code is required
[2026-02-11 15:33:05] WARN: Skipping invalid property: Zip code is required
[2026-02-11 15:33:05] WARN: Skipping invalid property: Zip code is required
[2026-02-11 15:33:05] WARN: Skipping invalid property: Zip code is required
[2026-02-11 15:33:05] WARN: Skipping invalid property: Zip code is required
[2026-02-11 15:33:05] WARN: Skipping invalid property: Zip code is required
[2026-02-11 15:33:05] WARN: Skipping invalid property: Zip code is required
[2026-02-11 15:33:05] WARN: Skipping invalid property: Zip code is required
[2026-02-11 15:33:05] WARN: Skipping invalid property: Zip code is required
[2026-02-11 15:33:05] WARN: Skipping invalid property: Zip code is required
[2026-02-11 15:33:05] WARN: Skipping invalid property: Zip code is required
[2026-02-11 15:33:05] WARN: Skipping invalid property: Zip code is required
[2026-02-11 15:33:05] WARN: Skipping invalid property: Zip code is required
[2026-02-11 15:33:05] INFO: ✓ Valid properties: 2644
[2026-02-11 15:33:05] INFO: 
Step 1: Importing property data...
[2026-02-11 15:33:05] INFO: Processing batch 1/27 (100 properties)
[2026-02-11 15:33:17] INFO: Processing batch 2/27 (100 properties)
[2026-02-11 15:33:28] INFO: Processing batch 3/27 (100 properties)
[2026-02-11 15:33:40] INFO: Processing batch 4/27 (100 properties)
[2026-02-11 15:33:51] INFO: Processing batch 5/27 (100 properties)
[2026-02-11 15:34:02] INFO: Processing batch 6/27 (100 properties)
[2026-02-11 15:34:14] INFO: Processing batch 7/27 (100 properties)
[2026-02-11 15:34:26] INFO: Processing batch 8/27 (100 properties)
[2026-02-11 15:34:37] INFO: Processing batch 9/27 (100 properties)
[2026-02-11 15:34:49] INFO: Processing batch 10/27 (100 properties)
[2026-02-11 15:35:01] INFO: Processing batch 11/27 (100 properties)
[2026-02-11 15:35:12] INFO: Processing batch 12/27 (100 properties)
[2026-02-11 15:35:24] INFO: Processing batch 13/27 (100 properties)
[2026-02-11 15:35:36] INFO: Processing batch 14/27 (100 properties)
[2026-02-11 15:35:47] INFO: Processing batch 15/27 (100 properties)
[2026-02-11 15:35:59] INFO: Processing batch 16/27 (100 properties)
[2026-02-11 15:36:11] INFO: Processing batch 17/27 (100 properties)
[2026-02-11 15:36:23] INFO: Processing batch 18/27 (100 properties)
[2026-02-11 15:36:34] INFO: Processing batch 19/27 (100 properties)
[2026-02-11 15:36:46] INFO: Processing batch 20/27 (100 properties)
[2026-02-11 15:36:57] INFO: Processing batch 21/27 (100 properties)
[2026-02-11 15:37:09] INFO: Processing batch 22/27 (100 properties)
[2026-02-11 15:37:21] INFO: Processing batch 23/27 (100 properties)
[2026-02-11 15:37:34] INFO: Processing batch 24/27 (100 properties)
[2026-02-11 15:37:47] INFO: Processing batch 25/27 (100 properties)
[2026-02-11 15:37:59] INFO: Processing batch 26/27 (100 properties)
[2026-02-11 15:38:11] INFO: Processing batch 27/27 (44 properties)
[2026-02-11 15:38:17] INFO: ✓ Imported 56 properties
[2026-02-11 15:38:17] WARN: ✗ Failed 2588 properties
[2026-02-11 15:38:17] INFO: 
Step 2: Migrating images for 56 properties...
[2026-02-11 15:38:17] INFO: This may take a while (downloading from Wix, uploading to Supabase)
[2026-02-11 15:43:15] SUMMARY: {
  "Properties Imported": 56,
  "Images Migrated Successfully": 56,
  "Image Migrations Failed": 0,
  "Property Import Failures": 2588
}
[2026-02-11 15:43:15] SUCCESS: 
✅ Import complete! Check your admin panel to view properties.
[2026-02-11 15:43:15] INFO: Run: npx tsx scripts/check-migration-status.ts
